Started GET "/" for 127.0.0.1 at 2020-02-25 11:18:19 +0530
Processing by PagesController#index as HTML
  Rendering pages/index.html within layouts/application
  Rendered pages/index.html within layouts/application (6.2ms)
Completed 200 OK in 986ms (Views: 980.7ms | ActiveRecord: 0.0ms)


Started GET "/" for 127.0.0.1 at 2020-02-25 11:19:58 +0530
Processing by PagesController#index as HTML
  Rendering pages/index.html within layouts/application
  Rendered pages/index.html within layouts/application (0.5ms)
Completed 200 OK in 862ms (Views: 856.0ms | ActiveRecord: 0.0ms)


Started GET "/" for 127.0.0.1 at 2020-02-25 11:20:36 +0530
Processing by PagesController#index as HTML
  Rendering pages/index.html.erb within layouts/application
[Webpacker] Compiling...
[Webpacker] Compiled all packs in /home/abhinav/work/fun/react_with_rails/public/packs
[Webpacker] Hash: b2558bd59f119ac88ea9
Version: webpack 4.41.6
Time: 4064ms
Built at: 02/25/2020 11:20:41 AM
                                     Asset       Size       Chunks                         Chunk Names
    js/application-2181adcc3224cdc0c9c1.js   4.72 KiB  application  [emitted] [immutable]  application
js/application-2181adcc3224cdc0c9c1.js.map    4.5 KiB  application  [emitted] [dev]        application
          js/index-838034bcd44b4a4425cc.js   1.16 MiB        index  [emitted] [immutable]  index
      js/index-838034bcd44b4a4425cc.js.map   1.33 MiB        index  [emitted] [dev]        index
                             manifest.json  661 bytes               [emitted]              
Entrypoint application = js/application-2181adcc3224cdc0c9c1.js js/application-2181adcc3224cdc0c9c1.js.map
Entrypoint index = js/index-838034bcd44b4a4425cc.js js/index-838034bcd44b4a4425cc.js.map
[./app/javascript/packs/application.js] 845 bytes {application} [built]
[./app/javascript/packs/index.js] 453 bytes {index} [built]
    + 12 hidden modules

  Rendered pages/index.html.erb within layouts/application (5169.9ms)
Completed 200 OK in 6039ms (Views: 6033.4ms | ActiveRecord: 0.0ms)


